# JRE version: Java(TM) SE Runtime Environment (8.0_191-b12) (build 1.8.0_191-b12)
# Java VM: Java HotSpot(TM) 64-Bit Server VM (25.191-b12 mixed mode windows-amd64 compressed oops)
Heap:
 PSYoungGen      total 307200K, used 190559K [0x00000000d7900000, 0x00000000ec900000, 0x0000000100000000)
  eden space 295424K, 60% used [0x00000000d7900000,0x00000000e27eca28,0x00000000e9980000)
  from space 11776K, 97% used [0x00000000ebd80000,0x00000000ec8ab408,0x00000000ec900000)
  to   space 15872K, 0% used [0x00000000eaa00000,0x00000000eaa00000,0x00000000eb980000)
 ParOldGen       total 75776K, used 18098K [0x0000000086a00000, 0x000000008b400000, 0x00000000d7900000)
  object space 75776K, 23% used [0x0000000086a00000,0x0000000087bac928,0x000000008b400000)
 Metaspace       used 51848K, capacity 54666K, committed 54912K, reserved 1097728K
  class space    used 7013K, capacity 7543K, committed 7552K, reserved 1048576K
GC Heap History (10 events):
Event: 5.600 GC heap before
{Heap before GC invocations=8 (full 1):
 PSYoungGen      total 136192K, used 124928K [0x00000000d7900000, 0x00000000e0a00000, 0x0000000100000000)
  eden space 124928K, 100% used [0x00000000d7900000,0x00000000df300000,0x00000000df300000)
  from space 11264K, 0% used [0x00000000dff00000,0x00000000dff00000,0x00000000e0a00000)
  to   space 11776K, 0% used [0x00000000df300000,0x00000000df300000,0x00000000dfe80000)
 ParOldGen       total 55296K, used 11625K [0x0000000086a00000, 0x000000008a000000, 0x00000000d7900000)
  object space 55296K, 21% used [0x0000000086a00000,0x000000008755a6f0,0x000000008a000000)
 Metaspace       used 22750K, capacity 23860K, committed 24192K, reserved 1071104K
  class space    used 2834K, capacity 3080K, committed 3200K, reserved 1048576K
Event: 5.611 GC heap after
Heap after GC invocations=8 (full 1):
 PSYoungGen      total 136704K, used 8536K [0x00000000d7900000, 0x00000000e6a80000, 0x0000000100000000)
  eden space 124928K, 0% used [0x00000000d7900000,0x00000000d7900000,0x00000000df300000)
  from space 11776K, 72% used [0x00000000df300000,0x00000000dfb56090,0x00000000dfe80000)
  to   space 11776K, 0% used [0x00000000e5f00000,0x00000000e5f00000,0x00000000e6a80000)
 ParOldGen       total 55296K, used 11633K [0x0000000086a00000, 0x000000008a000000, 0x00000000d7900000)
  object space 55296K, 21% used [0x0000000086a00000,0x000000008755c6f0,0x000000008a000000)
 Metaspace       used 22750K, capacity 23860K, committed 24192K, reserved 1071104K
  class space    used 2834K, capacity 3080K, committed 3200K, reserved 1048576K
}
Event: 7.366 GC heap before
{Heap before GC invocations=9 (full 1):
 PSYoungGen      total 136704K, used 133464K [0x00000000d7900000, 0x00000000e6a80000, 0x0000000100000000)
  eden space 124928K, 100% used [0x00000000d7900000,0x00000000df300000,0x00000000df300000)
  from space 11776K, 72% used [0x00000000df300000,0x00000000dfb56090,0x00000000dfe80000)
  to   space 11776K, 0% used [0x00000000e5f00000,0x00000000e5f00000,0x00000000e6a80000)
 ParOldGen       total 55296K, used 11633K [0x0000000086a00000, 0x000000008a000000, 0x00000000d7900000)
  object space 55296K, 21% used [0x0000000086a00000,0x000000008755c6f0,0x000000008a000000)
 Metaspace       used 27150K, capacity 28620K, committed 28800K, reserved 1075200K
  class space    used 3551K, capacity 3862K, committed 3968K, reserved 1048576K
Event: 7.383 GC heap after
Heap after GC invocations=9 (full 1):
 PSYoungGen      total 231424K, used 11640K [0x00000000d7900000, 0x00000000e6a80000, 0x0000000100000000)
  eden space 219648K, 0% used [0x00000000d7900000,0x00000000d7900000,0x00000000e4f80000)
  from space 11776K, 98% used [0x00000000e5f00000,0x00000000e6a5e308,0x00000000e6a80000)
  to   space 13312K, 0% used [0x00000000e5080000,0x00000000e5080000,0x00000000e5d80000)
 ParOldGen       total 55296K, used 11641K [0x0000000086a00000, 0x000000008a000000, 0x00000000d7900000)
  object space 55296K, 21% used [0x0000000086a00000,0x000000008755e6f0,0x000000008a000000)
 Metaspace       used 27150K, capacity 28620K, committed 28800K, reserved 1075200K
  class space    used 3551K, capacity 3862K, committed 3968K, reserved 1048576K
}
Event: 9.210 GC heap before
{Heap before GC invocations=10 (full 1):
 PSYoungGen      total 231424K, used 115215K [0x00000000d7900000, 0x00000000e6a80000, 0x0000000100000000)
  eden space 219648K, 47% used [0x00000000d7900000,0x00000000dde25b40,0x00000000e4f80000)
  from space 11776K, 98% used [0x00000000e5f00000,0x00000000e6a5e308,0x00000000e6a80000)
  to   space 13312K, 0% used [0x00000000e5080000,0x00000000e5080000,0x00000000e5d80000)
 ParOldGen       total 55296K, used 11641K [0x0000000086a00000, 0x000000008a000000, 0x00000000d7900000)
  object space 55296K, 21% used [0x0000000086a00000,0x000000008755e6f0,0x000000008a000000)
 Metaspace       used 33225K, capacity 35350K, committed 35416K, reserved 1079296K
  class space    used 4436K, capacity 4833K, committed 4864K, reserved 1048576K
Event: 9.239 GC heap after
Heap after GC invocations=10 (full 1):
 PSYoungGen      total 233984K, used 13296K [0x00000000d7900000, 0x00000000ecc80000, 0x0000000100000000)
  eden space 220672K, 0% used [0x00000000d7900000,0x00000000d7900000,0x00000000e5080000)
  from space 13312K, 99% used [0x00000000e5080000,0x00000000e5d7c3b0,0x00000000e5d80000)
  to   space 15360K, 0% used [0x00000000ebd80000,0x00000000ebd80000,0x00000000ecc80000)
 ParOldGen       total 55296K, used 12570K [0x0000000086a00000, 0x000000008a000000, 0x00000000d7900000)
  object space 55296K, 22% used [0x0000000086a00000,0x0000000087646b98,0x000000008a000000)
 Metaspace       used 33225K, capacity 35350K, committed 35416K, reserved 1079296K
  class space    used 4436K, capacity 4833K, committed 4864K, reserved 1048576K
}
Event: 9.239 GC heap before
{Heap before GC invocations=11 (full 2):
 PSYoungGen      total 233984K, used 13296K [0x00000000d7900000, 0x00000000ecc80000, 0x0000000100000000)
  eden space 220672K, 0% used [0x00000000d7900000,0x00000000d7900000,0x00000000e5080000)
  from space 13312K, 99% used [0x00000000e5080000,0x00000000e5d7c3b0,0x00000000e5d80000)
  to   space 15360K, 0% used [0x00000000ebd80000,0x00000000ebd80000,0x00000000ecc80000)
 ParOldGen       total 55296K, used 12570K [0x0000000086a00000, 0x000000008a000000, 0x00000000d7900000)
  object space 55296K, 22% used [0x0000000086a00000,0x0000000087646b98,0x000000008a000000)
 Metaspace       used 33225K, capacity 35350K, committed 35416K, reserved 1079296K
  class space    used 4436K, capacity 4833K, committed 4864K, reserved 1048576K
Event: 9.351 GC heap after
Heap after GC invocations=11 (full 2):
 PSYoungGen      total 233984K, used 0K [0x00000000d7900000, 0x00000000ecc80000, 0x0000000100000000)
  eden space 220672K, 0% used [0x00000000d7900000,0x00000000d7900000,0x00000000e5080000)
  from space 13312K, 0% used [0x00000000e5080000,0x00000000e5080000,0x00000000e5d80000)
  to   space 15360K, 0% used [0x00000000ebd80000,0x00000000ebd80000,0x00000000ecc80000)
 ParOldGen       total 75776K, used 18090K [0x0000000086a00000, 0x000000008b400000, 0x00000000d7900000)
  object space 75776K, 23% used [0x0000000086a00000,0x0000000087baa928,0x000000008b400000)
 Metaspace       used 33225K, capacity 35350K, committed 35416K, reserved 1079296K
  class space    used 4436K, capacity 4833K, committed 4864K, reserved 1048576K
}
Event: 11.748 GC heap before
{Heap before GC invocations=12 (full 2):
 PSYoungGen      total 233984K, used 220672K [0x00000000d7900000, 0x00000000ecc80000, 0x0000000100000000)
  eden space 220672K, 100% used [0x00000000d7900000,0x00000000e5080000,0x00000000e5080000)
  from space 13312K, 0% used [0x00000000e5080000,0x00000000e5080000,0x00000000e5d80000)
  to   space 15360K, 0% used [0x00000000ebd80000,0x00000000ebd80000,0x00000000ecc80000)
 ParOldGen       total 75776K, used 18090K [0x0000000086a00000, 0x000000008b400000, 0x00000000d7900000)
  object space 75776K, 23% used [0x0000000086a00000,0x0000000087baa928,0x000000008b400000)
 Metaspace       used 40455K, capacity 42976K, committed 43008K, reserved 1087488K
  class space    used 5375K, capacity 5864K, committed 5888K, reserved 1048576K
Event: 11.775 GC heap after
Heap after GC invocations=12 (full 2):
 PSYoungGen      total 307200K, used 11437K [0x00000000d7900000, 0x00000000ec900000, 0x0000000100000000)
  eden space 295424K, 0% used [0x00000000d7900000,0x00000000d7900000,0x00000000e9980000)
  from space 11776K, 97% used [0x00000000ebd80000,0x00000000ec8ab408,0x00000000ec900000)
  to   space 15872K, 0% used [0x00000000eaa00000,0x00000000eaa00000,0x00000000eb980000)
 ParOldGen       total 75776K, used 18098K [0x0000000086a00000, 0x000000008b400000, 0x00000000d7900000)
  object space 75776K, 23% used [0x0000000086a00000,0x0000000087bac928,0x000000008b400000)
 Metaspace       used 40455K, capacity 42976K, committed 43008K, reserved 1087488K
  class space    used 5375K, capacity 5864K, committed 5888K, reserved 1048576K
}

